

================================================================
== Vivado HLS Report for 'fir_hw'
================================================================
* Date:           Tue Nov  6 15:57:39 2018

* Version:        2018.2 (Build 2258646 on Thu Jun 14 20:25:20 MDT 2018)
* Project:        HET_gyak4
* Solution:       solution1
* Product family: kintex7
* Target device:  xc7k70tfbv484-1


================================================================
== Performance Estimates
================================================================
+ Timing (ns): 
    * Summary: 
    +--------+--------+----------+------------+
    |  Clock | Target | Estimated| Uncertainty|
    +--------+--------+----------+------------+
    |ap_clk  |  100.00|     8.454|       12.50|
    +--------+--------+----------+------------+

+ Latency (clock cycles): 
    * Summary: 
    +-----+-----+-----+-----+---------+
    |  Latency  |  Interval | Pipeline|
    | min | max | min | max |   Type  |
    +-----+-----+-----+-----+---------+
    |  512|  512|  512|  512|   none  |
    +-----+-----+-----+-----+---------+

    + Detail: 
        * Instance: 
        N/A

        * Loop: 
        +-------------+-----+-----+----------+-----------+-----------+------+----------+
        |             |  Latency  | Iteration|  Initiation Interval  | Trip |          |
        |  Loop Name  | min | max |  Latency |  achieved |   target  | Count| Pipelined|
        +-------------+-----+-----+----------+-----------+-----------+------+----------+
        |- for_shift  |  254|  254|         2|          -|          -|   127|    no    |
        |- for_mac    |  256|  256|         2|          -|          -|   128|    no    |
        +-------------+-----+-----+----------+-----------+-----------+------+----------+



================================================================
== Utilization Estimates
================================================================
* Summary: 
+-----------------+---------+-------+-------+-------+
|       Name      | BRAM_18K| DSP48E|   FF  |  LUT  |
+-----------------+---------+-------+-------+-------+
|DSP              |        -|      1|      -|      -|
|Expression       |        -|      -|      0|    297|
|FIFO             |        -|      -|      -|      -|
|Instance         |        -|      -|      -|      -|
|Memory           |        2|      -|      0|      0|
|Multiplexer      |        -|      -|      -|    102|
|Register         |        -|      -|     80|      -|
+-----------------+---------+-------+-------+-------+
|Total            |        2|      1|     80|    399|
+-----------------+---------+-------+-------+-------+
|Available        |      270|    240|  84400|  42200|
+-----------------+---------+-------+-------+-------+
|Utilization (%)  |    ~0   |   ~0  |   ~0  |   ~0  |
+-----------------+---------+-------+-------+-------+

+ Detail: 
    * Instance: 
    N/A

    * DSP48: 
    +-------------------------+----------------------+--------------+
    |         Instance        |        Module        |  Expression  |
    +-------------------------+----------------------+--------------+
    |fir_hw_mac_muladdbkb_U1  |fir_hw_mac_muladdbkb  | i0 + i1 * i2 |
    +-------------------------+----------------------+--------------+

    * Memory: 
    +--------------+-------------------+---------+---+----+------+-----+------+-------------+
    |    Memory    |       Module      | BRAM_18K| FF| LUT| Words| Bits| Banks| W*Bits*Banks|
    +--------------+-------------------+---------+---+----+------+-----+------+-------------+
    |coeff_hw_V_U  |fir_hw_coeff_hw_V  |        1|  0|   0|   128|   15|     1|         1920|
    |tomb_V_U      |fir_hw_tomb_V      |        1|  0|   0|   128|   24|     1|         3072|
    +--------------+-------------------+---------+---+----+------+-----+------+-------------+
    |Total         |                   |        2|  0|   0|   256|   39|     2|         4992|
    +--------------+-------------------+---------+---+----+------+-----+------+-------------+

    * FIFO: 
    N/A

    * Expression: 
    +--------------------------------+----------+-------+---+----+------------+------------+
    |          Variable Name         | Operation| DSP48E| FF| LUT| Bitwidth P0| Bitwidth P1|
    +--------------------------------+----------+-------+---+----+------------+------------+
    |i_1_fu_193_p2                   |     +    |      0|  0|  15|           7|           2|
    |i_2_fu_227_p2                   |     +    |      0|  0|  15|           8|           2|
    |p_Val2_3_fu_311_p2              |     +    |      0|  0|  31|          24|          24|
    |brmerge40_demorgan_i_fu_441_p2  |    and   |      0|  0|   6|           1|           1|
    |carry_fu_331_p2                 |    and   |      0|  0|   6|           1|           1|
    |overflow_fu_435_p2              |    and   |      0|  0|   6|           1|           1|
    |p_38_i_fu_411_p2                |    and   |      0|  0|   6|           1|           1|
    |p_41_i_fu_397_p2                |    and   |      0|  0|   6|           1|           1|
    |qb_assign_fu_301_p2             |    and   |      0|  0|   6|           1|           1|
    |underflow_fu_459_p2             |    and   |      0|  0|   6|           1|           1|
    |Range1_all_ones_fu_371_p2       |   icmp   |      0|  0|   9|           4|           2|
    |Range1_all_zeros_fu_377_p2      |   icmp   |      0|  0|   9|           4|           1|
    |Range2_all_ones_fu_355_p2       |   icmp   |      0|  0|   9|           3|           2|
    |tmp_2_fu_187_p2                 |   icmp   |      0|  0|  11|           7|           1|
    |tmp_s_fu_295_p2                 |   icmp   |      0|  0|  13|          16|           1|
    |brmerge_i_fu_423_p2             |    or    |      0|  0|   6|           1|           1|
    |brmerge_i_i_fu_465_p2           |    or    |      0|  0|   6|           1|           1|
    |tmp1_demorgan_fu_447_p2         |    or    |      0|  0|   6|           1|           1|
    |tmp2_fu_471_p2                  |    or    |      0|  0|   6|           1|           1|
    |tmp_1_fu_271_p2                 |    or    |      0|  0|   6|           1|           1|
    |underflow_not_fu_477_p2         |    or    |      0|  0|   6|           1|           1|
    |deleted_ones_fu_403_p3          |  select  |      0|  0|   2|           1|           1|
    |deleted_zeros_fu_383_p3         |  select  |      0|  0|   2|           1|           1|
    |p_Val2_5_fu_491_p3              |  select  |      0|  0|  25|           1|          25|
    |p_Val2_5_mux_fu_483_p3          |  select  |      0|  0|  24|           1|          23|
    |res_V                           |  select  |      0|  0|  24|           1|          24|
    |p_not_i_fu_417_p2               |    xor   |      0|  0|   6|           1|           2|
    |tmp1_fu_453_p2                  |    xor   |      0|  0|   6|           1|           2|
    |tmp_12_fu_391_p2                |    xor   |      0|  0|   6|           1|           2|
    |tmp_13_fu_429_p2                |    xor   |      0|  0|   6|           1|           2|
    |tmp_6_fu_325_p2                 |    xor   |      0|  0|   6|           1|           2|
    +--------------------------------+----------+-------+---+----+------------+------------+
    |Total                           |          |      0|  0| 297|          96|         132|
    +--------------------------------+----------+-------+---+----+------------+------------+

    * Multiplexer: 
    +------------------+----+-----------+-----+-----------+
    |       Name       | LUT| Input Size| Bits| Total Bits|
    +------------------+----+-----------+-----+-----------+
    |ap_NS_fsm         |  33|          6|    1|          6|
    |i1_reg_176        |   9|          2|    8|         16|
    |i_reg_152         |   9|          2|    7|         14|
    |p_Val2_s_reg_164  |   9|          2|   45|         90|
    |tomb_V_address0   |  27|          5|    7|         35|
    |tomb_V_d0         |  15|          3|   24|         72|
    +------------------+----+-----------+-----+-----------+
    |Total             | 102|         20|   92|        233|
    +------------------+----+-----------+-----+-----------+

    * Register: 
    +------------------+----+----+-----+-----------+
    |       Name       | FF | LUT| Bits| Const Bits|
    +------------------+----+----+-----+-----------+
    |ap_CS_fsm         |   5|   0|    5|          0|
    |i1_reg_176        |   8|   0|    8|          0|
    |i_1_reg_527       |   7|   0|    7|          0|
    |i_2_reg_550       |   8|   0|    8|          0|
    |i_reg_152         |   7|   0|    7|          0|
    |p_Val2_s_reg_164  |  45|   0|   45|          0|
    +------------------+----+----+-----+-----------+
    |Total             |  80|   0|   80|          0|
    +------------------+----+----+-----+-----------+



================================================================
== Interface
================================================================
* Summary: 
+--------------+-----+-----+------------+--------------+--------------+
|   RTL Ports  | Dir | Bits|  Protocol  | Source Object|    C Type    |
+--------------+-----+-----+------------+--------------+--------------+
|ap_clk        |  in |    1| ap_ctrl_hs |    fir_hw    | return value |
|ap_rst        |  in |    1| ap_ctrl_hs |    fir_hw    | return value |
|ap_start      |  in |    1| ap_ctrl_hs |    fir_hw    | return value |
|ap_done       | out |    1| ap_ctrl_hs |    fir_hw    | return value |
|ap_idle       | out |    1| ap_ctrl_hs |    fir_hw    | return value |
|ap_ready      | out |    1| ap_ctrl_hs |    fir_hw    | return value |
|input_V       |  in |   24|   ap_none  |    input_V   |    pointer   |
|res_V         | out |   24|   ap_vld   |     res_V    |    pointer   |
|res_V_ap_vld  | out |    1|   ap_vld   |     res_V    |    pointer   |
+--------------+-----+-----+------------+--------------+--------------+

