  main.cpp
  conv_filter_avx.cpp
d:\bme\education\ujrakonfig_2018\gyak\gyak1_full\_src\conv_filter_avx.cpp(97): warning C4244: '=': conversion from 'short' to 'unsigned char', possible loss of data
d:\bme\education\ujrakonfig_2018\gyak\gyak1_full\_src\conv_filter_avx.cpp(221): warning C4244: '=': conversion from 'short' to 'unsigned char', possible loss of data
d:\bme\education\ujrakonfig_2018\gyak\gyak1_full\_src\conv_filter_avx.cpp(278): warning C4309: 'argument': truncation of constant value
d:\bme\education\ujrakonfig_2018\gyak\gyak1_full\_src\conv_filter_avx.cpp(280): warning C4309: 'argument': truncation of constant value
d:\bme\education\ujrakonfig_2018\gyak\gyak1_full\_src\conv_filter_avx.cpp(288): warning C4309: 'argument': truncation of constant value
d:\bme\education\ujrakonfig_2018\gyak\gyak1_full\_src\conv_filter_avx.cpp(290): warning C4309: 'argument': truncation of constant value
d:\bme\education\ujrakonfig_2018\gyak\gyak1_full\_src\conv_filter_avx.cpp(298): warning C4309: 'argument': truncation of constant value
d:\bme\education\ujrakonfig_2018\gyak\gyak1_full\_src\conv_filter_avx.cpp(300): warning C4309: 'argument': truncation of constant value
d:\bme\education\ujrakonfig_2018\gyak\gyak1_full\_src\conv_filter_avx.cpp(308): warning C4309: 'argument': truncation of constant value
d:\bme\education\ujrakonfig_2018\gyak\gyak1_full\_src\conv_filter_avx.cpp(310): warning C4309: 'argument': truncation of constant value
d:\bme\education\ujrakonfig_2018\gyak\gyak1_full\_src\conv_filter_avx.cpp(333): warning C4244: '=': conversion from 'short' to 'unsigned char', possible loss of data
  conv_filter.cpp
  Generating Code...
d:\bme\education\ujrakonfig_2018\gyak\gyak1_full\_src\conv_filter_avx.cpp(55): warning C4752: found Intel(R) Advanced Vector Extensions; consider using /arch:AVX
d:\bme\education\ujrakonfig_2018\gyak\gyak1_full\_src\conv_filter_avx.cpp(135): warning C4752: found Intel(R) Advanced Vector Extensions; consider using /arch:AVX
d:\bme\education\ujrakonfig_2018\gyak\gyak1_full\_src\conv_filter_avx.cpp(268): warning C4752: found Intel(R) Advanced Vector Extensions; consider using /arch:AVX
  sse_lab.vcxproj -> D:\BME\Education\ujrakonfig_2018\gyak\gyak1_full\x64/Debug/sse_lab.exe
  sse_lab.vcxproj -> x64/Debug/sse_lab.pdb (Full PDB)
