  
  C:\Heterogen_HF\cudamegold>"C:\Program Files\NVIDIA GPU Computing Toolkit\CUDA\v9.0\bin\nvcc.exe" -ccbin "C:\Program Files (x86)\Microsoft Visual Studio 14.0\VC\bin\x86_amd64" -x cu  -I.\DevIL_x64\include -I"C:\Program Files\NVIDIA GPU Computing Toolkit\CUDA\v9.0\include" -I"C:\Program Files\NVIDIA GPU Computing Toolkit\CUDA\v9.0\include"     --keep-dir x64\Release -maxrregcount=0  --machine 64 --compile      -DWIN32 -DWIN64 -DNDEBUG -D_CONSOLE -D_MBCS -Xcompiler "/EHsc /W3 /nologo /O2 /FS /Zi  /MD " -o x64\Release\cuda_main.cu.obj "C:\Heterogen_HF\cudamegold\_src\cuda_main.cu" -clean 
  cuda_main.cu
  
  C:\Heterogen_HF\cudamegold>"C:\Program Files\NVIDIA GPU Computing Toolkit\CUDA\v9.0\bin\nvcc.exe" -ccbin "C:\Program Files (x86)\Microsoft Visual Studio 14.0\VC\bin\x86_amd64" -x cu  -I.\DevIL_x64\include -I"C:\Program Files\NVIDIA GPU Computing Toolkit\CUDA\v9.0\include" -I"C:\Program Files\NVIDIA GPU Computing Toolkit\CUDA\v9.0\include"     --keep-dir x64\Release -maxrregcount=0  --machine 64 --compile      -DWIN32 -DWIN64 -DNDEBUG -D_CONSOLE -D_MBCS -Xcompiler "/EHsc /W3 /nologo /O2 /FS /Zi  /MD " -o x64\Release\memalloc_host.cu.obj "C:\Heterogen_HF\cudamegold\_src\memalloc_host.cu" -clean 
  memalloc_host.cu
  Compiling CUDA source file _src\cuda_main.cu...
  Compiling CUDA source file _src\memalloc_host.cu...
  
  C:\Heterogen_HF\cudamegold>"C:\Program Files\NVIDIA GPU Computing Toolkit\CUDA\v9.0\bin\nvcc.exe" -gencode=arch=compute_61,code=\"sm_61,compute_61\" --use-local-env --cl-version 2015 -ccbin "C:\Program Files (x86)\Microsoft Visual Studio 14.0\VC\bin\x86_amd64" -x cu  -I.\DevIL_x64\include -I"C:\Program Files\NVIDIA GPU Computing Toolkit\CUDA\v9.0\include" -I"C:\Program Files\NVIDIA GPU Computing Toolkit\CUDA\v9.0\include"     --keep-dir x64\Release -maxrregcount=0  --machine 64 --compile -cudart static     -DWIN32 -DWIN64 -DNDEBUG -D_CONSOLE -D_MBCS -Xcompiler "/EHsc /W3 /nologo /O2 /FS /Zi  /MD " -o x64\Release\cuda_main.cu.obj "C:\Heterogen_HF\cudamegold\_src\cuda_main.cu" 
  
  C:\Heterogen_HF\cudamegold>"C:\Program Files\NVIDIA GPU Computing Toolkit\CUDA\v9.0\bin\nvcc.exe" -gencode=arch=compute_61,code=\"sm_61,compute_61\" --use-local-env --cl-version 2015 -ccbin "C:\Program Files (x86)\Microsoft Visual Studio 14.0\VC\bin\x86_amd64" -x cu  -I.\DevIL_x64\include -I"C:\Program Files\NVIDIA GPU Computing Toolkit\CUDA\v9.0\include" -I"C:\Program Files\NVIDIA GPU Computing Toolkit\CUDA\v9.0\include"     --keep-dir x64\Release -maxrregcount=0  --machine 64 --compile -cudart static     -DWIN32 -DWIN64 -DNDEBUG -D_CONSOLE -D_MBCS -Xcompiler "/EHsc /W3 /nologo /O2 /FS /Zi  /MD " -o x64\Release\memalloc_host.cu.obj "C:\Heterogen_HF\cudamegold\_src\memalloc_host.cu" 
C:/Heterogen_HF/cudamegold/_src/memalloc_host.cu(9): warning : variable "cuda_ret" was declared but never referenced
C:/Heterogen_HF/cudamegold/_src/memalloc_host.cu(27): warning : variable "cuda_ret" was declared but never referenced
C:/Heterogen_HF/cudamegold/_src/memalloc_host.cu(9): warning : variable "cuda_ret" was declared but never referenced
C:/Heterogen_HF/cudamegold/_src/memalloc_host.cu(27): warning : variable "cuda_ret" was declared but never referenced
  memalloc_host.cu
C:/Heterogen_HF/cudamegold/_src/memalloc_host.cu(9): warning C4101: 'cuda_ret': unreferenced local variable
C:/Heterogen_HF/cudamegold/_src/memalloc_host.cu(27): warning C4101: 'cuda_ret': unreferenced local variable
  cuda_main.cu
  conv_filter.cpp
_src\conv_filter.cpp(50): warning C4244: '=': conversion from 'float' to 'unsigned char', possible loss of data
  main.cpp
  time_measure.cpp
  Generating code
c:\heterogen_hf\cudamegold\_src\time_measure.cpp(27): warning C4715: 'time_measure': not all control paths return a value
  All 6 functions were compiled because no usable IPDB/IOBJ from previous compilation was found.
  Finished generating code
  cuda_lab.vcxproj -> C:\Heterogen_HF\cudamegold\x64\Release\cuda_lab.exe
  cuda_lab.vcxproj -> C:\Heterogen_HF\cudamegold\x64\Release\cuda_lab.pdb (Full PDB)
  copy "C:\Program Files\NVIDIA GPU Computing Toolkit\CUDA\v9.0\bin\cudart*.dll" "C:\Heterogen_HF\cudamegold\x64\Release\"
  C:\Program Files\NVIDIA GPU Computing Toolkit\CUDA\v9.0\bin\cudart32_90.dll
  C:\Program Files\NVIDIA GPU Computing Toolkit\CUDA\v9.0\bin\cudart64_90.dll
          2 file(s) copied.
