d:\d_strabi\d dokumentumai\bme\heterogén számítási rendszerek\hf\private_dev\dev\heterogen_hf_cpu_batchers\heterogen_hf_szp\x64\release\vc141.pdb
d:\d_strabi\d dokumentumai\bme\heterogén számítási rendszerek\hf\private_dev\dev\heterogen_hf_cpu_batchers\heterogen_hf_szp\x64\release\main.obj
d:\d_strabi\d dokumentumai\bme\heterogén számítási rendszerek\hf\private_dev\dev\heterogen_hf_cpu_batchers\heterogen_hf_szp\x64\release\conv_filter.obj
d:\d_strabi\d dokumentumai\bme\heterogén számítási rendszerek\hf\kismacska\hetero_hf_3\heterogen_hf_cpu_batchers\heterogen_hf_szp\x64\release\vc141.pdb
d:\d_strabi\d dokumentumai\bme\heterogén számítási rendszerek\hf\kismacska\hetero_hf_3\heterogen_hf_cpu_batchers\heterogen_hf_szp\x64\release\conv_filter.obj
d:\d_strabi\d dokumentumai\bme\heterogén számítási rendszerek\hf\kismacska\hetero_hf_3\heterogen_hf_cpu_batchers\heterogen_hf_szp\x64\release\main.obj
d:\d_strabi\d dokumentumai\bme\heterogén számítási rendszerek\hf\kismacska\hetero_hf_3\heterogen_hf_cpu_batchers\heterogen_hf_szp\x64\release\conv_filter_avx.obj
d:\d_strabi\d dokumentumai\bme\heterogén számítási rendszerek\hf\private_dev\dev\heterogen_hf_cpu_batchers\heterogen_hf_szp\x64\release\sse_lab.exe
d:\d_strabi\d dokumentumai\bme\heterogén számítási rendszerek\hf\private_dev\dev\heterogen_hf_cpu_batchers\heterogen_hf_szp\x64\release\conv_filter.asm
d:\d_strabi\d dokumentumai\bme\heterogén számítási rendszerek\hf\private_dev\dev\heterogen_hf_cpu_batchers\heterogen_hf_szp\x64\release\main.asm
d:\d_strabi\d dokumentumai\bme\heterogén számítási rendszerek\hf\kismacska\hetero_hf_3\heterogen_hf_cpu_batchers\heterogen_hf_szp\x64\release\sse_lab.exe
d:\d_strabi\d dokumentumai\bme\heterogén számítási rendszerek\hf\kismacska\hetero_hf_3\heterogen_hf_cpu_batchers\heterogen_hf_szp\x64\release\conv_filter.asm
d:\d_strabi\d dokumentumai\bme\heterogén számítási rendszerek\hf\kismacska\hetero_hf_3\heterogen_hf_cpu_batchers\heterogen_hf_szp\x64\release\conv_filter_avx.asm
d:\d_strabi\d dokumentumai\bme\heterogén számítási rendszerek\hf\kismacska\hetero_hf_3\heterogen_hf_cpu_batchers\heterogen_hf_szp\x64\release\main.asm
d:\d_strabi\d dokumentumai\bme\heterogén számítási rendszerek\hf\private_dev\dev\heterogen_hf_cpu_batchers\heterogen_hf_szp\x64\release\sse_lab.ipdb
d:\d_strabi\d dokumentumai\bme\heterogén számítási rendszerek\hf\private_dev\dev\heterogen_hf_cpu_batchers\heterogen_hf_szp\x64\release\sse_lab.iobj
d:\d_strabi\d dokumentumai\bme\heterogén számítási rendszerek\hf\kismacska\hetero_hf_3\heterogen_hf_cpu_batchers\heterogen_hf_szp\x64\release\sse_lab.ipdb
d:\d_strabi\d dokumentumai\bme\heterogén számítási rendszerek\hf\kismacska\hetero_hf_3\heterogen_hf_cpu_batchers\heterogen_hf_szp\x64\release\sse_lab.iobj
d:\d_strabi\d dokumentumai\bme\heterogén számítási rendszerek\hf\kismacska\hetero_hf_3\heterogen_hf_cpu_batchers\heterogen_hf_szp\x64\release\vc140.pdb
d:\d_strabi\d dokumentumai\bme\heterogén számítási rendszerek\hf\kismacska\hetero_hf_3\heterogen_hf_cpu_batchers\heterogen_hf_szp\x64/release/sse_lab.exe
d:\d_strabi\d dokumentumai\bme\heterogén számítási rendszerek\hf\kismacska\hetero_hf_3\heterogen_hf_cpu_batchers\heterogen_hf_szp\x64\release\sse_lab.tlog\cl.command.1.tlog
d:\d_strabi\d dokumentumai\bme\heterogén számítási rendszerek\hf\kismacska\hetero_hf_3\heterogen_hf_cpu_batchers\heterogen_hf_szp\x64\release\sse_lab.tlog\cl.read.1.tlog
d:\d_strabi\d dokumentumai\bme\heterogén számítási rendszerek\hf\kismacska\hetero_hf_3\heterogen_hf_cpu_batchers\heterogen_hf_szp\x64\release\sse_lab.tlog\cl.write.1.tlog
d:\d_strabi\d dokumentumai\bme\heterogén számítási rendszerek\hf\kismacska\hetero_hf_3\heterogen_hf_cpu_batchers\heterogen_hf_szp\x64\release\sse_lab.tlog\link.command.1.tlog
d:\d_strabi\d dokumentumai\bme\heterogén számítási rendszerek\hf\kismacska\hetero_hf_3\heterogen_hf_cpu_batchers\heterogen_hf_szp\x64\release\sse_lab.tlog\link.read.1.tlog
d:\d_strabi\d dokumentumai\bme\heterogén számítási rendszerek\hf\kismacska\hetero_hf_3\heterogen_hf_cpu_batchers\heterogen_hf_szp\x64\release\sse_lab.tlog\link.write.1.tlog
d:\d_strabi\d dokumentumai\bme\heterogén számítási rendszerek\hf\kismacska\hetero_hf_3\heterogen_hf_cpu_batchers\heterogen_hf_szp\x64\release\sse_lab.tlog\sse_lab.write.1u.tlog
